<?xml version="1.0" encoding="UTF-8"?>
<!-- Generated by org.testng.reporters.JUnitReportReporter -->
<testsuite hostname="LTIN436630" failures="0" tests="1" name="testCases.TC004_Hostels" time="12.562" errors="0" timestamp="2025-07-04T10:39:24 IST" skipped="0">
  <testcase classname="testCases.TC004_Hostels" name="hostels" time="12.562"/>
</testsuite> <!-- testCases.TC004_Hostels -->
