<?xml version="1.0" encoding="UTF-8"?>
<!-- Generated by org.testng.reporters.JUnitReportReporter -->
<testsuite hostname="LTIN606033" failures="0" tests="2" name="testCases.TC005_Restaurants" time="23.052" errors="0" timestamp="2025-07-09T09:10:08 IST" skipped="0">
  <testcase classname="testCases.TC005_Restaurants" name="restaurants" time="11.414"/>
  <testcase classname="testCases.TC005_Restaurants" name="restaurants" time="11.638"/>
</testsuite> <!-- testCases.TC005_Restaurants -->
