<?xml version="1.0" encoding="UTF-8"?>
<!-- Generated by org.testng.reporters.JUnitReportReporter -->
<testsuite hostname="LTIN606033" failures="0" tests="2" name="testCases.TC009_MovieBookingDetails" time="20.333" errors="0" timestamp="2025-07-09T09:10:08 IST" skipped="0">
  <testcase classname="testCases.TC009_MovieBookingDetails" name="MovieBookingDetails" time="10.345"/>
  <testcase classname="testCases.TC009_MovieBookingDetails" name="MovieBookingDetails" time="9.988"/>
</testsuite> <!-- testCases.TC009_MovieBookingDetails -->
