<?xml version="1.0" encoding="UTF-8"?>
<!-- Generated by org.testng.reporters.JUnitReportReporter -->
<testsuite hostname="LTIN606033" failures="0" tests="1" name="testCases.TC007_ExploreAreasSection" time="19.518" errors="0" timestamp="2025-07-09T15:07:51 IST" skipped="0">
  <testcase classname="testCases.TC007_ExploreAreasSection" name="ExploreAreasSection" time="19.518"/>
</testsuite> <!-- testCases.TC007_ExploreAreasSection -->
