<?xml version="1.0" encoding="UTF-8"?>
<!-- Generated by org.testng.reporters.JUnitReportReporter -->
<testsuite hostname="DESKTOP-14GEP46" failures="0" tests="1" name="testCases.TC007_ExploreAreasSection" time="12.906" errors="0" timestamp="2025-07-09T18:38:28 IST" skipped="0">
  <testcase classname="testCases.TC007_ExploreAreasSection" name="ExploreAreasSection" time="12.906"/>
</testsuite> <!-- testCases.TC007_ExploreAreasSection -->
