<?xml version="1.0" encoding="UTF-8"?>
<!-- Generated by org.testng.reporters.JUnitReportReporter -->
<<<<<<< HEAD
<testsuite hostname="LTIN606033" failures="0" tests="1" name="testCases.TC006_CategorySearchResults" time="2.099" errors="0" timestamp="2025-07-04T10:54:31 IST" skipped="0">
  <testcase classname="testCases.TC006_CategorySearchResults" name="categorySearchResults" time="2.099"/>
=======
<testsuite hostname="LTIN436630" failures="0" tests="6" name="testCases.TC006_CategorySearchResults" time="3.826" errors="0" timestamp="2025-07-04T10:39:24 IST" skipped="0">
  <testcase classname="testCases.TC006_CategorySearchResults" name="categorySearch" time="0.834"/>
  <testcase classname="testCases.TC006_CategorySearchResults" name="categorySearchResults" time="0.509"/>
  <testcase classname="testCases.TC006_CategorySearchResults" name="categorySearchResults" time="1.046"/>
  <testcase classname="testCases.TC006_CategorySearchResults" name="categorySearchResults" time="0.327"/>
  <testcase classname="testCases.TC006_CategorySearchResults" name="categorySearchResults" time="0.608"/>
  <testcase classname="testCases.TC006_CategorySearchResults" name="categorySearchResults" time="0.502"/>
>>>>>>> 4090dcccfcf35cd2b762923436ef583ff30aa7d4
</testsuite> <!-- testCases.TC006_CategorySearchResults -->
