<?xml version="1.0" encoding="UTF-8"?>
<!-- Generated by org.testng.reporters.JUnitReportReporter -->
<testsuite hostname="LTIN606033" failures="0" tests="2" name="testCases.TC002_FreeListing" time="6.322" errors="0" timestamp="2025-07-09T09:10:08 IST" skipped="0">
  <testcase classname="testCases.TC002_FreeListing" name="freeListing" time="2.663"/>
  <testcase classname="testCases.TC002_FreeListing" name="freeListing" time="3.659"/>
</testsuite> <!-- testCases.TC002_FreeListing -->
