<?xml version="1.0" encoding="UTF-8"?>
<!-- Generated by org.testng.reporters.JUnitReportReporter -->
<testsuite hostname="DESKTOP-14GEP46" failures="0" tests="1" name="testCases.TC004_Hostels" time="11.971" errors="0" timestamp="2025-07-09T17:59:16 IST" skipped="0">
  <testcase classname="testCases.TC004_Hostels" name="hostels" time="11.971"/>
</testsuite> <!-- testCases.TC004_Hostels -->
