<?xml version="1.0" encoding="UTF-8"?>
<!-- Generated by org.testng.reporters.JUnitReportReporter -->
<<<<<<< HEAD
<testsuite hostname="LTIN606033" failures="0" tests="1" name="testCases.TC005_Restaurants" time="14.668" errors="0" timestamp="2025-07-04T10:54:31 IST" skipped="0">
  <testcase classname="testCases.TC005_Restaurants" name="restaurants" time="14.668"/>
=======
<testsuite hostname="LTIN436630" failures="0" tests="1" name="testCases.TC005_Restaurants" time="12.242" errors="0" timestamp="2025-07-04T10:39:24 IST" skipped="0">
  <testcase classname="testCases.TC005_Restaurants" name="restaurants" time="12.242"/>
>>>>>>> 4090dcccfcf35cd2b762923436ef583ff30aa7d4
</testsuite> <!-- testCases.TC005_Restaurants -->
