<?xml version="1.0" encoding="UTF-8"?>
<!-- Generated by org.testng.reporters.JUnitReportReporter -->
<testsuite hostname="LTIN436630" failures="0" tests="1" name="testCases.TC008_BusBooking" time="13.751" errors="0" timestamp="2025-07-11T10:42:01 IST" skipped="0">
  <testcase classname="testCases.TC008_BusBooking" name="BusBooking" time="13.751"/>
</testsuite> <!-- testCases.TC008_BusBooking -->
