<?xml version="1.0" encoding="UTF-8"?>
<!-- Generated by org.testng.reporters.JUnitReportReporter -->
<testsuite hostname="LTIN606033" failures="0" tests="1" name="testCases.TC008_BusBooking" time="15.326" errors="0" timestamp="2025-07-04T16:50:22 IST" skipped="0">
  <testcase classname="testCases.TC008_BusBooking" name="BusBooking" time="15.326"/>
</testsuite> <!-- testCases.TC008_BusBooking -->
