<?xml version="1.0" encoding="UTF-8"?>
<!-- Generated by org.testng.reporters.JUnitReportReporter -->
<testsuite hostname="LTIN606033" failures="0" tests="2" name="testCases.TC008_BusBooking" time="24.740" errors="0" timestamp="2025-07-09T09:10:08 IST" skipped="0">
  <testcase classname="testCases.TC008_BusBooking" name="BusBooking" time="12.340"/>
  <testcase classname="testCases.TC008_BusBooking" name="BusBooking" time="12.400"/>
</testsuite> <!-- testCases.TC008_BusBooking -->
