<?xml version="1.0" encoding="UTF-8"?>
<!-- Generated by org.testng.reporters.JUnitReportReporter -->
<testsuite hostname="DESKTOP-14GEP46" failures="0" tests="1" name="testCases.TC008_BusBooking" time="13.292" errors="0" timestamp="2025-07-09T17:59:16 IST" skipped="0">
  <testcase classname="testCases.TC008_BusBooking" name="BusBooking" time="13.292"/>
</testsuite> <!-- testCases.TC008_BusBooking -->
