<?xml version="1.0" encoding="UTF-8"?>
<!-- Generated by org.testng.reporters.JUnitReportReporter -->
<testsuite hostname="LTIN606033" failures="0" tests="1" name="testCases.TC009_MovieBookingDetails" time="11.413" errors="0" timestamp="2025-07-07T10:42:33 IST" skipped="0">
  <testcase classname="testCases.TC009_MovieBookingDetails" name="MovieBookingDetails" time="11.413"/>
</testsuite> <!-- testCases.TC009_MovieBookingDetails -->
