<?xml version="1.0" encoding="UTF-8"?>
<!-- Generated by org.testng.reporters.JUnitReportReporter -->
<testsuite hostname="LTIN606033" failures="0" tests="12" name="testCases.TC006_CategorySearchResults" time="16.468" errors="0" timestamp="2025-07-09T09:10:08 IST" skipped="0">
  <testcase classname="testCases.TC006_CategorySearchResults" name="categorySearch" time="6.457"/>
  <testcase classname="testCases.TC006_CategorySearchResults" name="categorySearch" time="6.228"/>
  <testcase classname="testCases.TC006_CategorySearchResults" name="categorySearchResults" time="0.371"/>
  <testcase classname="testCases.TC006_CategorySearchResults" name="categorySearchResults" time="0.237"/>
  <testcase classname="testCases.TC006_CategorySearchResults" name="categorySearchResults" time="0.227"/>
  <testcase classname="testCases.TC006_CategorySearchResults" name="categorySearchResults" time="0.367"/>
  <testcase classname="testCases.TC006_CategorySearchResults" name="categorySearchResults" time="0.250"/>
  <testcase classname="testCases.TC006_CategorySearchResults" name="categorySearchResults" time="0.575"/>
  <testcase classname="testCases.TC006_CategorySearchResults" name="categorySearchResults" time="0.399"/>
  <testcase classname="testCases.TC006_CategorySearchResults" name="categorySearchResults" time="0.421"/>
  <testcase classname="testCases.TC006_CategorySearchResults" name="categorySearchResults" time="0.576"/>
  <testcase classname="testCases.TC006_CategorySearchResults" name="categorySearchResults" time="0.360"/>
</testsuite> <!-- testCases.TC006_CategorySearchResults -->
