<?xml version="1.0" encoding="UTF-8"?>
<!-- Generated by org.testng.reporters.JUnitReportReporter -->
<testsuite hostname="DESKTOP-14GEP46" failures="0" tests="5" name="testCases.TC006_CategorySearchResults" time="9.732" errors="0" timestamp="2025-07-09T17:59:16 IST" skipped="0">
  <testcase classname="testCases.TC006_CategorySearchResults" name="categorySearchResults" time="0.733"/>
  <testcase classname="testCases.TC006_CategorySearchResults" name="categorySearchResults" time="0.847"/>
  <testcase classname="testCases.TC006_CategorySearchResults" name="categorySearchResults" time="0.649"/>
  <testcase classname="testCases.TC006_CategorySearchResults" name="categorySearchResults" time="0.603"/>
  <testcase classname="testCases.TC006_CategorySearchResults" name="categorySearchResults" time="6.900"/>
</testsuite> <!-- testCases.TC006_CategorySearchResults -->
