<?xml version="1.0" encoding="UTF-8"?>
<!-- Generated by org.testng.reporters.JUnitReportReporter -->
<testsuite hostname="LTIN606033" failures="0" tests="1" name="testCases.TC002_FreeListing" time="5.628" errors="0" timestamp="2025-07-03T15:32:33 IST" skipped="0">
  <testcase classname="testCases.TC002_FreeListing" name="freeListing" time="5.628"/>
</testsuite> <!-- testCases.TC002_FreeListing -->
