<?xml version="1.0" encoding="UTF-8"?>
<!-- Generated by org.testng.reporters.JUnitReportReporter -->
<testsuite hostname="LTIN606033" failures="0" tests="1" name="testCases.TC004_Hostels" time="10.272" errors="0" timestamp="2025-07-09T14:47:02 IST" skipped="0">
  <testcase classname="testCases.TC004_Hostels" name="hostels" time="10.272"/>
</testsuite> <!-- testCases.TC004_Hostels -->
