<?xml version="1.0" encoding="UTF-8"?>
<!-- Generated by org.testng.reporters.JUnitReportReporter -->
<testsuite hostname="LTIN436630" failures="0" tests="1" name="testCases.TC009_MovieBookingDetails" time="12.816" errors="0" timestamp="2025-07-11T10:42:01 IST" skipped="0">
  <testcase classname="testCases.TC009_MovieBookingDetails" name="MovieBookingDetails" time="12.816"/>
</testsuite> <!-- testCases.TC009_MovieBookingDetails -->
