<?xml version="1.0" encoding="UTF-8"?>
<!-- Generated by org.testng.reporters.JUnitReportReporter -->
<testsuite hostname="LTIN436630" failures="0" tests="1" name="testCases.TC005_Restaurants" time="12.242" errors="0" timestamp="2025-07-04T10:39:24 IST" skipped="0">
  <testcase classname="testCases.TC005_Restaurants" name="restaurants" time="12.242"/>
</testsuite> <!-- testCases.TC005_Restaurants -->
