<?xml version="1.0" encoding="UTF-8"?>
<!-- Generated by org.testng.reporters.JUnitReportReporter -->
<testsuite hostname="DESKTOP-14GEP46" failures="0" tests="20" name="testRunner.TestRunner" time="430.550" errors="0" timestamp="2025-07-21T09:22:09 IST" skipped="0">
  <testcase classname="testRunner.TestRunner" name="runScenario" time="17.768"/>
  <testcase classname="testRunner.TestRunner" name="runScenario" time="21.141"/>
  <testcase classname="testRunner.TestRunner" name="runScenario" time="20.781"/>
  <testcase classname="testRunner.TestRunner" name="runScenario" time="21.536"/>
  <testcase classname="testRunner.TestRunner" name="runScenario" time="20.883"/>
  <testcase classname="testRunner.TestRunner" name="runScenario" time="18.986"/>
  <testcase classname="testRunner.TestRunner" name="runScenario" time="21.273"/>
  <testcase classname="testRunner.TestRunner" name="runScenario" time="26.243"/>
  <testcase classname="testRunner.TestRunner" name="runScenario" time="23.168"/>
  <testcase classname="testRunner.TestRunner" name="runScenario" time="16.019"/>
  <testcase classname="testRunner.TestRunner" name="runScenario" time="11.144"/>
  <testcase classname="testRunner.TestRunner" name="runScenario" time="22.552"/>
  <testcase classname="testRunner.TestRunner" name="runScenario" time="21.168"/>
  <testcase classname="testRunner.TestRunner" name="runScenario" time="31.870"/>
  <testcase classname="testRunner.TestRunner" name="runScenario" time="21.416"/>
  <testcase classname="testRunner.TestRunner" name="runScenario" time="18.856"/>
  <testcase classname="testRunner.TestRunner" name="runScenario" time="24.016"/>
  <testcase classname="testRunner.TestRunner" name="runScenario" time="24.288"/>
  <testcase classname="testRunner.TestRunner" name="runScenario" time="28.234"/>
  <testcase classname="testRunner.TestRunner" name="runScenario" time="19.208"/>
</testsuite> <!-- testRunner.TestRunner -->
