<?xml version="1.0" encoding="UTF-8"?>
<!-- Generated by org.testng.reporters.JUnitReportReporter -->
<<<<<<< HEAD
<testsuite hostname="LTIN606033" failures="0" tests="1" name="testCases.TC001_CarWashServices" time="12.346" errors="0" timestamp="2025-07-04T10:57:05 IST" skipped="0">
  <testcase classname="testCases.TC001_CarWashServices" name="carWashServices" time="12.346"/>
=======
<testsuite hostname="LTIN436630" failures="0" tests="1" name="testCases.TC001_CarWashServices" time="13.554" errors="0" timestamp="2025-07-04T10:39:24 IST" skipped="0">
  <testcase classname="testCases.TC001_CarWashServices" name="carWashServices" time="13.554"/>
>>>>>>> 4090dcccfcf35cd2b762923436ef583ff30aa7d4
</testsuite> <!-- testCases.TC001_CarWashServices -->
