<?xml version="1.0" encoding="UTF-8"?>
<!-- Generated by org.testng.reporters.JUnitReportReporter -->
<testsuite hostname="LTIN436630" failures="0" tests="1" name="testCases.TC002_FreeListing" time="4.440" errors="0" timestamp="2025-07-04T10:39:24 IST" skipped="0">
  <testcase classname="testCases.TC002_FreeListing" name="freeListing" time="4.440"/>
</testsuite> <!-- testCases.TC002_FreeListing -->
