<?xml version="1.0" encoding="UTF-8"?>
<!-- Generated by org.testng.reporters.JUnitReportReporter -->
<<<<<<< HEAD
<testsuite hostname="LTIN606033" failures="0" tests="1" name="testCases.TC003_GymSubMenuList" time="18.196" errors="0" timestamp="2025-07-04T10:54:31 IST" skipped="0">
  <testcase classname="testCases.TC003_GymSubMenuList" name="gymSubMenuList" time="18.196"/>
=======
<testsuite hostname="LTIN436630" failures="0" tests="1" name="testCases.TC003_GymSubMenuList" time="17.500" errors="0" timestamp="2025-07-04T10:39:24 IST" skipped="0">
  <testcase classname="testCases.TC003_GymSubMenuList" name="gymSubMenuList" time="17.500"/>
>>>>>>> 4090dcccfcf35cd2b762923436ef583ff30aa7d4
</testsuite> <!-- testCases.TC003_GymSubMenuList -->
