<?xml version="1.0" encoding="UTF-8"?>
<!-- Generated by org.testng.reporters.JUnitReportReporter -->
<testsuite hostname="LTIN606033" failures="0" tests="2" name="testCases.TC010_MobileRecharge" time="20.854" errors="0" timestamp="2025-07-09T09:10:08 IST" skipped="0">
  <testcase classname="testCases.TC010_MobileRecharge" name="MobileRecharge" time="11.788"/>
  <testcase classname="testCases.TC010_MobileRecharge" name="MobileRecharge" time="9.066"/>
</testsuite> <!-- testCases.TC010_MobileRecharge -->
