<?xml version="1.0" encoding="UTF-8"?>
<!-- Generated by org.testng.reporters.JUnitReportReporter -->
<testsuite hostname="DESKTOP-14GEP46" failures="0" tests="2" name="testRunner.TestRunner" time="43.439" errors="0" timestamp="2025-07-16T16:59:29 IST" skipped="0">
  <testcase classname="testRunner.TestRunner" name="runScenario" time="22.135"/>
  <testcase classname="testRunner.TestRunner" name="runScenario" time="21.304"/>
</testsuite> <!-- testRunner.TestRunner -->
