<?xml version="1.0" encoding="UTF-8"?>
<!-- Generated by org.testng.reporters.JUnitReportReporter -->
<testsuite hostname="LTIN436630" failures="0" tests="5" name="testCases.TC006_CategorySearchResults" time="11.240" errors="0" timestamp="2025-07-11T10:42:01 IST" skipped="0">
  <testcase classname="testCases.TC006_CategorySearchResults" name="categorySearchResults" time="0.622"/>
  <testcase classname="testCases.TC006_CategorySearchResults" name="categorySearchResults" time="1.366"/>
  <testcase classname="testCases.TC006_CategorySearchResults" name="categorySearchResults" time="1.168"/>
  <testcase classname="testCases.TC006_CategorySearchResults" name="categorySearchResults" time="7.348"/>
  <testcase classname="testCases.TC006_CategorySearchResults" name="categorySearchResults" time="0.736"/>
</testsuite> <!-- testCases.TC006_CategorySearchResults -->
