<?xml version="1.0" encoding="UTF-8"?>
<!-- Generated by org.testng.reporters.JUnitReportReporter -->
<testsuite hostname="DESKTOP-14GEP46" failures="0" tests="1" name="testCases.TC005_Restaurants" time="12.734" errors="0" timestamp="2025-07-09T18:30:32 IST" skipped="0">
  <testcase classname="testCases.TC005_Restaurants" name="restaurants" time="12.734"/>
</testsuite> <!-- testCases.TC005_Restaurants -->
