<?xml version="1.0" encoding="UTF-8"?>
<!-- Generated by org.testng.reporters.JUnitReportReporter -->
<testsuite hostname="LTIN606033" failures="0" tests="1" name="testCases.TC001_CarWashServices" time="8.958" errors="0" timestamp="2025-07-07T10:43:14 IST" skipped="0">
  <testcase classname="testCases.TC001_CarWashServices" name="carWashServices" time="8.958"/>
</testsuite> <!-- testCases.TC001_CarWashServices -->
