<?xml version="1.0" encoding="UTF-8"?>
<!-- Generated by org.testng.reporters.JUnitReportReporter -->
<testsuite hostname="LTIN606033" failures="0" tests="2" name="testCases.TC003_GymSubMenuList" time="34.663" errors="0" timestamp="2025-07-09T09:10:08 IST" skipped="0">
  <testcase classname="testCases.TC003_GymSubMenuList" name="gymSubMenuList" time="16.869"/>
  <testcase classname="testCases.TC003_GymSubMenuList" name="gymSubMenuList" time="17.794"/>
</testsuite> <!-- testCases.TC003_GymSubMenuList -->
