<?xml version="1.0" encoding="UTF-8"?>
<!-- Generated by org.testng.reporters.JUnitReportReporter -->
<<<<<<< HEAD
<testsuite hostname="LTIN606033" failures="0" tests="1" name="testCases.TC002_FreeListing" time="5.481" errors="0" timestamp="2025-07-04T10:54:31 IST" skipped="0">
  <testcase classname="testCases.TC002_FreeListing" name="freeListing" time="5.481"/>
=======
<testsuite hostname="LTIN436630" failures="0" tests="1" name="testCases.TC002_FreeListing" time="4.440" errors="0" timestamp="2025-07-04T10:39:24 IST" skipped="0">
  <testcase classname="testCases.TC002_FreeListing" name="freeListing" time="4.440"/>
>>>>>>> 4090dcccfcf35cd2b762923436ef583ff30aa7d4
</testsuite> <!-- testCases.TC002_FreeListing -->
