<?xml version="1.0" encoding="UTF-8"?>
<!-- Generated by org.testng.reporters.JUnitReportReporter -->
<testsuite hostname="DESKTOP-14GEP46" failures="0" tests="4" name="testRunner.TestRunner" time="88.912" errors="0" timestamp="2025-07-15T17:41:22 IST" skipped="0">
  <testcase classname="testRunner.TestRunner" name="runScenario" time="23.662"/>
  <testcase classname="testRunner.TestRunner" name="runScenario" time="13.809"/>
  <testcase classname="testRunner.TestRunner" name="runScenario" time="25.498"/>
  <testcase classname="testRunner.TestRunner" name="runScenario" time="25.943"/>
</testsuite> <!-- testRunner.TestRunner -->
