<?xml version="1.0" encoding="UTF-8"?>
<!-- Generated by org.testng.reporters.JUnitReportReporter -->
<testsuite hostname="DESKTOP-14GEP46" failures="0" tests="2" name="testRunner.TestRunner" time="40.447" errors="0" timestamp="2025-07-15T15:29:14 IST" skipped="0">
  <testcase classname="testRunner.TestRunner" name="runScenario" time="12.347"/>
  <testcase classname="testRunner.TestRunner" name="runScenario" time="28.100"/>
</testsuite> <!-- testRunner.TestRunner -->
