<?xml version="1.0" encoding="UTF-8"?>
<!-- Generated by org.testng.reporters.JUnitReportReporter -->
<testsuite hostname="DESKTOP-14GEP46" failures="0" tests="8" name="testRunner.TestRunner" time="171.041" errors="0" timestamp="2025-07-16T10:02:05 IST" skipped="0">
  <testcase classname="testRunner.TestRunner" name="runScenario" time="20.789"/>
  <testcase classname="testRunner.TestRunner" name="runScenario" time="22.775"/>
  <testcase classname="testRunner.TestRunner" name="runScenario" time="11.552"/>
  <testcase classname="testRunner.TestRunner" name="runScenario" time="23.546"/>
  <testcase classname="testRunner.TestRunner" name="runScenario" time="22.695"/>
  <testcase classname="testRunner.TestRunner" name="runScenario" time="21.327"/>
  <testcase classname="testRunner.TestRunner" name="runScenario" time="22.414"/>
  <testcase classname="testRunner.TestRunner" name="runScenario" time="25.943"/>
</testsuite> <!-- testRunner.TestRunner -->
