<?xml version="1.0" encoding="UTF-8"?>
<!-- Generated by org.testng.reporters.JUnitReportReporter -->
<testsuite hostname="LTIN606033" failures="0" tests="6" name="testCases.TC006_CategorySearchResults" time="8.042" errors="0" timestamp="2025-07-09T15:06:48 IST" skipped="0">
  <testcase classname="testCases.TC006_CategorySearchResults" name="categorySearch" time="6.762"/>
  <testcase classname="testCases.TC006_CategorySearchResults" name="categorySearchResults" time="0.212"/>
  <testcase classname="testCases.TC006_CategorySearchResults" name="categorySearchResults" time="0.246"/>
  <testcase classname="testCases.TC006_CategorySearchResults" name="categorySearchResults" time="0.305"/>
  <testcase classname="testCases.TC006_CategorySearchResults" name="categorySearchResults" time="0.298"/>
  <testcase classname="testCases.TC006_CategorySearchResults" name="categorySearchResults" time="0.219"/>
</testsuite> <!-- testCases.TC006_CategorySearchResults -->
