<?xml version="1.0" encoding="UTF-8"?>
<!-- Generated by org.testng.reporters.JUnitReportReporter -->
<testsuite hostname="LTIN606033" failures="0" tests="1" name="testCases.TC003_GymSubMenuList" time="17.334" errors="0" timestamp="2025-07-09T14:40:39 IST" skipped="0">
  <testcase classname="testCases.TC003_GymSubMenuList" name="gymSubMenuList" time="17.334"/>
</testsuite> <!-- testCases.TC003_GymSubMenuList -->
