<?xml version="1.0" encoding="UTF-8"?>
<!-- Generated by org.testng.reporters.JUnitReportReporter -->
<testsuite hostname="LTIN606033" failures="0" tests="6" name="testCases.TC006_CategorySearchResults" time="8.742" errors="0" timestamp="2025-07-07T10:42:33 IST" skipped="0">
  <testcase classname="testCases.TC006_CategorySearchResults" name="categorySearch" time="7.016"/>
  <testcase classname="testCases.TC006_CategorySearchResults" name="categorySearchResults" time="0.238"/>
  <testcase classname="testCases.TC006_CategorySearchResults" name="categorySearchResults" time="0.309"/>
  <testcase classname="testCases.TC006_CategorySearchResults" name="categorySearchResults" time="0.321"/>
  <testcase classname="testCases.TC006_CategorySearchResults" name="categorySearchResults" time="0.336"/>
  <testcase classname="testCases.TC006_CategorySearchResults" name="categorySearchResults" time="0.522"/>
</testsuite> <!-- testCases.TC006_CategorySearchResults -->
