<?xml version="1.0" encoding="UTF-8"?>
<!-- Generated by org.testng.reporters.JUnitReportReporter -->
<testsuite hostname="LTIN606033" failures="0" tests="1" name="testCases.TC002_FreeListing" time="2.510" errors="0" timestamp="2025-07-02T17:41:40 IST" skipped="0">
  <testcase classname="testCases.TC002_FreeListing" name="freeListing" time="2.510"/>
</testsuite> <!-- testCases.TC002_FreeListing -->
