<?xml version="1.0" encoding="UTF-8"?>
<!-- Generated by org.testng.reporters.JUnitReportReporter -->
<testsuite hostname="LTIN606033" failures="0" tests="2" name="testCases.TC001_CarWashServices" time="19.694" errors="0" timestamp="2025-07-09T09:10:08 IST" skipped="0">
  <testcase classname="testCases.TC001_CarWashServices" name="carWashServices" time="10.361"/>
  <testcase classname="testCases.TC001_CarWashServices" name="carWashServices" time="9.333"/>
</testsuite> <!-- testCases.TC001_CarWashServices -->
