<?xml version="1.0" encoding="UTF-8"?>
<!-- Generated by org.testng.reporters.JUnitReportReporter -->
<testsuite hostname="LTIN606033" failures="0" tests="2" name="testCases.TC004_Hostels" time="22.206" errors="0" timestamp="2025-07-09T09:10:08 IST" skipped="0">
  <testcase classname="testCases.TC004_Hostels" name="hostels" time="11.400"/>
  <testcase classname="testCases.TC004_Hostels" name="hostels" time="10.806"/>
</testsuite> <!-- testCases.TC004_Hostels -->
