<?xml version="1.0" encoding="UTF-8"?>
<!-- Generated by org.testng.reporters.JUnitReportReporter -->
<testsuite hostname="LTIN606033" failures="0" tests="1" name="testCases.TC005_Restaurants" time="12.034" errors="0" timestamp="2025-07-04T16:05:45 IST" skipped="0">
  <testcase classname="testCases.TC005_Restaurants" name="restaurants" time="12.034"/>
</testsuite> <!-- testCases.TC005_Restaurants -->
