<?xml version="1.0" encoding="UTF-8"?>
<!-- Generated by org.testng.reporters.JUnitReportReporter -->
<testsuite hostname="LTIN606033" failures="0" tests="1" name="testCases.TC005_Restaurants" time="13.671" errors="0" timestamp="2025-07-03T15:32:33 IST" skipped="0">
  <testcase classname="testCases.TC005_Restaurants" name="restaurants" time="13.671"/>
</testsuite> <!-- testCases.TC005_Restaurants -->
