<?xml version="1.0" encoding="UTF-8"?>
<!-- Generated by org.testng.reporters.JUnitReportReporter -->
<testsuite hostname="DESKTOP-14GEP46" failures="0" tests="1" name="testCases.TC003_GymSubMenuList" time="16.984" errors="0" timestamp="2025-07-09T17:59:16 IST" skipped="0">
  <testcase classname="testCases.TC003_GymSubMenuList" name="gymSubMenuList" time="16.984"/>
</testsuite> <!-- testCases.TC003_GymSubMenuList -->
