<?xml version="1.0" encoding="UTF-8"?>
<!-- Generated by org.testng.reporters.JUnitReportReporter -->
<testsuite hostname="LTIN606033" failures="0" tests="1" name="testCases.TC003_GymSubMenuList" time="17.011" errors="0" timestamp="2025-07-04T15:54:31 IST" skipped="0">
  <testcase classname="testCases.TC003_GymSubMenuList" name="gymSubMenuList" time="17.011"/>
</testsuite> <!-- testCases.TC003_GymSubMenuList -->
