<?xml version="1.0" encoding="UTF-8"?>
<!-- Generated by org.testng.reporters.JUnitReportReporter -->
<testsuite hostname="LTIN606033" failures="0" tests="1" name="testCases.TC001_CarWashServices" time="9.279" errors="0" timestamp="2025-07-09T13:58:47 IST" skipped="0">
  <testcase classname="testCases.TC001_CarWashServices" name="carWashServices" time="9.279"/>
</testsuite> <!-- testCases.TC001_CarWashServices -->
