<?xml version="1.0" encoding="UTF-8"?>
<!-- Generated by org.testng.reporters.JUnitReportReporter -->
<testsuite hostname="LTIN606033" failures="0" tests="1" name="testCases.TC005_Restaurants" time="11.327" errors="0" timestamp="2025-07-07T10:42:33 IST" skipped="0">
  <testcase classname="testCases.TC005_Restaurants" name="restaurants" time="11.327"/>
</testsuite> <!-- testCases.TC005_Restaurants -->
