<?xml version="1.0" encoding="UTF-8"?>
<!-- Generated by org.testng.reporters.JUnitReportReporter -->
<testsuite hostname="LTIN436630" failures="0" tests="1" name="testCases.TC003_GymSubMenuList" time="17.500" errors="0" timestamp="2025-07-04T10:39:24 IST" skipped="0">
  <testcase classname="testCases.TC003_GymSubMenuList" name="gymSubMenuList" time="17.500"/>
</testsuite> <!-- testCases.TC003_GymSubMenuList -->
