<?xml version="1.0" encoding="UTF-8"?>
<!-- Generated by org.testng.reporters.JUnitReportReporter -->
<testsuite hostname="LTIN606033" failures="0" tests="1" name="testCases.TC010_MobileRecharge" time="10.323" errors="0" timestamp="2025-07-09T15:36:29 IST" skipped="0">
  <testcase classname="testCases.TC010_MobileRecharge" name="MobileRecharge" time="10.323"/>
</testsuite> <!-- testCases.TC010_MobileRecharge -->
