<?xml version="1.0" encoding="UTF-8"?>
<!-- Generated by org.testng.reporters.JUnitReportReporter -->
<testsuite hostname="DESKTOP-14GEP46" failures="0" tests="10" name="testRunner.TestRunner" time="226.438" errors="0" timestamp="2025-07-25T09:02:18 IST" skipped="0">
  <testcase classname="testRunner.TestRunner" name="runScenario" time="27.681"/>
  <testcase classname="testRunner.TestRunner" name="runScenario" time="25.317"/>
  <testcase classname="testRunner.TestRunner" name="runScenario" time="21.822"/>
  <testcase classname="testRunner.TestRunner" name="runScenario" time="11.852"/>
  <testcase classname="testRunner.TestRunner" name="runScenario" time="24.143"/>
  <testcase classname="testRunner.TestRunner" name="runScenario" time="20.174"/>
  <testcase classname="testRunner.TestRunner" name="runScenario" time="21.491"/>
  <testcase classname="testRunner.TestRunner" name="runScenario" time="23.965"/>
  <testcase classname="testRunner.TestRunner" name="runScenario" time="24.422"/>
  <testcase classname="testRunner.TestRunner" name="runScenario" time="25.571"/>
</testsuite> <!-- testRunner.TestRunner -->
