<?xml version="1.0" encoding="UTF-8"?>
<!-- Generated by org.testng.reporters.JUnitReportReporter -->
<testsuite hostname="LTIN606033" failures="0" tests="1" name="testCases.TC010_MobileRecharge" time="9.720" errors="0" timestamp="2025-07-07T10:51:17 IST" skipped="0">
  <testcase classname="testCases.TC010_MobileRecharge" name="MobileRecharge" time="9.720"/>
</testsuite> <!-- testCases.TC010_MobileRecharge -->
