<?xml version="1.0" encoding="UTF-8"?>
<!-- Generated by org.testng.reporters.JUnitReportReporter -->
<testsuite hostname="LTIN606033" failures="0" tests="1" name="testCases.TC004_Hostels" time="10.320" errors="0" timestamp="2025-07-04T15:59:30 IST" skipped="0">
  <testcase classname="testCases.TC004_Hostels" name="hostels" time="10.320"/>
</testsuite> <!-- testCases.TC004_Hostels -->
