<?xml version="1.0" encoding="UTF-8"?>
<!-- Generated by org.testng.reporters.JUnitReportReporter -->
<testsuite hostname="LTIN606033" failures="0" tests="1" name="testCases.TC007_SearchByNames" time="10.563" errors="0" timestamp="2025-07-04T10:54:31 IST" skipped="0">
  <testcase classname="testCases.TC007_SearchByNames" name="searchByNames" time="10.563"/>
</testsuite> <!-- testCases.TC007_SearchByNames -->
